<?xml version="1.0" encoding="UTF-8"?>
<!-- Generated by org.testng.reporters.JUnitXMLReporter -->
<testsuite hostname="DESKTOP-TU76DCC" ignored="0" name="Send Resource Email" tests="1" failures="1" timestamp="31 Jul 2018 09:27:16 GMT" time="55.069" errors="0">
  <testcase name="ResourceEmail" time="54.026" classname="SystemMailTracking.testcases.SystemEmails.ResourceEmailTest">
    <failure type="java.lang.reflect.InvocationTargetException">
      <![CDATA[java.lang.reflect.InvocationTargetException
	at SystemMailTracking.driver.DriverScript.executeKeywords(DriverScript.java:49)
	at SystemMailTracking.testcases.SystemEmails.ResourceEmailTest.ResourceEmail(ResourceEmailTest.java:24)
Caused by: java.lang.AssertionError: The following asserts failed:
	Object Not Found GmailInboxclick_xpath,
	Failed to receive Resource email
	at SystemMailTracking.keywords.GenericKeywords.reportFailure(GenericKeywords.java:362)
	at SystemMailTracking.keywords.AppKeywords.VerifyResourceEmailFromInbox(AppKeywords.java:528)
	... 35 more
... Removed 34 stack frames]]>
    </failure>
  </testcase> <!-- ResourceEmail -->
</testsuite> <!-- Send Resource Email -->
