<?xml version="1.0" encoding="UTF-8"?>
<!-- Generated by org.testng.reporters.JUnitXMLReporter -->
<testsuite hostname="DESKTOP-TU76DCC" ignored="0" name="Broadcast Email" tests="1" failures="1" timestamp="14 Jun 2018 08:54:54 GMT" time="49.729" errors="0">
  <testcase name="BroadCastEmail" time="48.843" classname="SystemMailTracking.testcases.SystemEmails.BroadCastEmailTest">
    <failure type="java.lang.reflect.InvocationTargetException">
      <![CDATA[java.lang.reflect.InvocationTargetException
at SystemMailTracking.driver.DriverScript.executeKeywords(DriverScript.java:49)
at SystemMailTracking.testcases.SystemEmails.BroadCastEmailTest.BroadCastEmail(BroadCastEmailTest.java:27)
Caused by: java.lang.AssertionError: The following asserts failed:
Failed to recieve Broadcast email
at SystemMailTracking.keywords.GenericKeywords.reportFailure(GenericKeywords.java:362)
at SystemMailTracking.keywords.AppKeywords.VerifyBroadcastEmailFromInbox(AppKeywords.java:547)
... 32 more
... Removed 31 stack frames]]>
    </failure>
  </testcase> <!-- BroadCastEmail -->
</testsuite> <!-- Broadcast Email -->
