<?xml version="1.0" encoding="UTF-8"?>
<!-- Generated by org.testng.reporters.JUnitXMLReporter -->
<testsuite hostname="DESKTOP-TU76DCC" name="CreateNewAccount" tests="1" failures="1" timestamp="9 May 2018 10:43:29 GMT" time="13.7" errors="0">
  <testcase name="CreateNewAccount" time="12.848" classname="SystemMailTracking.testcases.SessionSuite.CreateNewAccountTest">
    <failure type="java.lang.NoSuchMethodException" message="SystemMailTracking.keywords.AppKeywords.VerifySuccessCreationAccount()">
      <![CDATA[java.lang.NoSuchMethodException: SystemMailTracking.keywords.AppKeywords.VerifySuccessCreationAccount()
	at java.lang.Class.getMethod(Unknown Source)
	at SystemMailTracking.driver.DriverScript.executeKeywords(DriverScript.java:48)
	at SystemMailTracking.testcases.SessionSuite.CreateNewAccountTest.CreateNewAccount(CreateNewAccountTest.java:27)
... Removed 25 stack frames]]>
    </failure>
  </testcase> <!-- CreateNewAccount -->
</testsuite> <!-- CreateNewAccount -->
