<?xml version="1.0" encoding="UTF-8"?>
<!-- Generated by org.testng.reporters.JUnitXMLReporter -->
<testsuite hostname="DESKTOP-TU76DCC" ignored="0" name="CreateNewAccount" tests="1" failures="1" timestamp="31 Jul 2018 09:22:34 GMT" time="37.716" errors="0">
  <testcase name="CreateNewAccount" time="36.857" classname="SystemMailTracking.testcases.SessionSuite.CreateNewAccountTest">
    <failure type="java.lang.reflect.InvocationTargetException">
      <![CDATA[java.lang.reflect.InvocationTargetException
	at SystemMailTracking.driver.DriverScript.executeKeywords(DriverScript.java:49)
	at SystemMailTracking.testcases.SessionSuite.CreateNewAccountTest.CreateNewAccount(CreateNewAccountTest.java:27)
Caused by: java.lang.AssertionError: The following asserts failed:
	Failed to get the email confirmation for newly created account
	at SystemMailTracking.keywords.GenericKeywords.reportFailure(GenericKeywords.java:362)
	at SystemMailTracking.keywords.AppKeywords.VerifyEmailFromInboxNewAccount(AppKeywords.java:323)
	... 35 more
... Removed 34 stack frames]]>
    </failure>
  </testcase> <!-- CreateNewAccount -->
</testsuite> <!-- CreateNewAccount -->
