<?xml version="1.0" encoding="UTF-8"?>
<!-- Generated by org.testng.reporters.JUnitXMLReporter -->
<testsuite hostname="DESKTOP-TU76DCC" ignored="0" name="deletepaiduser" tests="1" failures="1" timestamp="31 Jul 2018 09:24:08 GMT" time="46.956" errors="0">
  <testcase name="deletepaiduserTest" time="46.249" classname="SystemMailTracking.testcases.SessionSuite.deletepaiduser">
    <failure type="java.lang.reflect.InvocationTargetException">
      <![CDATA[java.lang.reflect.InvocationTargetException
	at SystemMailTracking.driver.DriverScript.executeKeywords(DriverScript.java:49)
	at SystemMailTracking.testcases.SessionSuite.deletepaiduser.deletepaiduserTest(deletepaiduser.java:24)
Caused by: java.lang.AssertionError: The following asserts failed:
	Object Not Found DeleteUserButton_xpath,
	Failed to delete the trial user
	at SystemMailTracking.keywords.GenericKeywords.reportFailure(GenericKeywords.java:362)
	at SystemMailTracking.keywords.AppKeywords.deletepaiduser(AppKeywords.java:657)
	... 35 more
... Removed 34 stack frames]]>
    </failure>
  </testcase> <!-- deletepaiduserTest -->
</testsuite> <!-- deletepaiduser -->
