<?xml version="1.0" encoding="UTF-8"?>
<testng-results skipped="7" failed="1" ignored="0" total="8" passed="0">
  <reporter-output>
  </reporter-output>
  <suite name="My suite" duration-ms="0" started-at="2018-06-14T08:54:54Z" finished-at="2018-06-14T08:54:54Z">
    <groups>
    </groups>
  </suite> <!-- My suite -->
  <suite name="SessionSuite" duration-ms="1440" started-at="2018-06-14T08:54:02Z" finished-at="2018-06-14T08:54:03Z">
    <groups>
    </groups>
    <test name="Login Test" duration-ms="1023" started-at="2018-06-14T08:54:02Z" finished-at="2018-06-14T08:54:03Z">
      <class name="SystemMailTracking.testcases.SessionSuite.LoginTest">
        <test-method status="PASS" signature="init()[pri:0, instance:SystemMailTracking.testcases.SessionSuite.LoginTest@146ba0ac]" name="init" is-config="true" duration-ms="556" started-at="2018-06-14T08:54:02Z" finished-at="2018-06-14T08:54:03Z">
          <reporter-output>
          </reporter-output>
        </test-method> <!-- init -->
        <test-method status="PASS" signature="initTest()[pri:0, instance:SystemMailTracking.testcases.SessionSuite.LoginTest@146ba0ac]" name="initTest" is-config="true" duration-ms="166" started-at="2018-06-14T08:54:03Z" finished-at="2018-06-14T08:54:03Z">
          <reporter-output>
          </reporter-output>
        </test-method> <!-- initTest -->
        <test-method status="SKIP" signature="loginTest(java.util.Hashtable)[pri:0, instance:SystemMailTracking.testcases.SessionSuite.LoginTest@146ba0ac]" name="loginTest" duration-ms="14" started-at="2018-06-14T08:54:03Z" data-provider="getData" finished-at="2018-06-14T08:54:03Z">
          <params>
            <param index="0">
              <value>
                <![CDATA[{Username=Automationdonotuse@mailinator.com, ExpectedResult=Success, Password=r123456789, Runmode=Y, Browser=Chrome}]]>
              </value>
            </param>
          </params>
          <exception class="org.testng.SkipException">
            <message>
              <![CDATA[Runmode is set to NO]]>
            </message>
            <full-stacktrace>
              <![CDATA[org.testng.SkipException: Runmode is set to NO
at SystemMailTracking.testcases.SessionSuite.LoginTest.loginTest(LoginTest.java:21)
at sun.reflect.NativeMethodAccessorImpl.invoke0(Native Method)
at sun.reflect.NativeMethodAccessorImpl.invoke(NativeMethodAccessorImpl.java:62)
at sun.reflect.DelegatingMethodAccessorImpl.invoke(DelegatingMethodAccessorImpl.java:43)
at java.lang.reflect.Method.invoke(Method.java:498)
at org.testng.internal.MethodInvocationHelper.invokeMethod(MethodInvocationHelper.java:124)
at org.testng.internal.Invoker.invokeMethod(Invoker.java:580)
at org.testng.internal.Invoker.invokeTestMethod(Invoker.java:716)
at org.testng.internal.Invoker.invokeTestMethods(Invoker.java:988)
at org.testng.internal.TestMethodWorker.invokeTestMethods(TestMethodWorker.java:125)
at org.testng.internal.TestMethodWorker.run(TestMethodWorker.java:109)
at org.testng.TestRunner.privateRun(TestRunner.java:648)
at org.testng.TestRunner.run(TestRunner.java:505)
at org.testng.SuiteRunner.runTest(SuiteRunner.java:455)
at org.testng.SuiteRunner.runSequentially(SuiteRunner.java:450)
at org.testng.SuiteRunner.privateRun(SuiteRunner.java:415)
at org.testng.SuiteRunner.run(SuiteRunner.java:364)
at org.testng.SuiteRunnerWorker.runSuite(SuiteRunnerWorker.java:52)
at org.testng.SuiteRunnerWorker.run(SuiteRunnerWorker.java:84)
at org.testng.TestNG.runSuitesSequentially(TestNG.java:1208)
at org.testng.TestNG.runSuitesSequentially(TestNG.java:1204)
at org.testng.TestNG.runSuitesLocally(TestNG.java:1137)
at org.testng.TestNG.runSuites(TestNG.java:1049)
at org.testng.TestNG.run(TestNG.java:1017)
at org.testng.remote.AbstractRemoteTestNG.run(AbstractRemoteTestNG.java:114)
at org.testng.remote.RemoteTestNG.initAndRun(RemoteTestNG.java:251)
at org.testng.remote.RemoteTestNG.main(RemoteTestNG.java:77)
]]>
            </full-stacktrace>
          </exception> <!-- org.testng.SkipException -->
          <reporter-output>
          </reporter-output>
        </test-method> <!-- loginTest -->
        <test-method status="PASS" signature="quit()[pri:0, instance:SystemMailTracking.testcases.SessionSuite.LoginTest@146ba0ac]" name="quit" is-config="true" duration-ms="253" started-at="2018-06-14T08:54:03Z" finished-at="2018-06-14T08:54:03Z">
          <reporter-output>
          </reporter-output>
        </test-method> <!-- quit -->
      </class> <!-- SystemMailTracking.testcases.SessionSuite.LoginTest -->
    </test> <!-- Login Test -->
    <test name="ForgotPassword" duration-ms="121" started-at="2018-06-14T08:54:03Z" finished-at="2018-06-14T08:54:03Z">
      <class name="SystemMailTracking.testcases.SessionSuite.ForgotPasswordTestCase">
        <test-method status="PASS" signature="init()[pri:0, instance:SystemMailTracking.testcases.SessionSuite.ForgotPasswordTestCase@5cb9f472]" name="init" is-config="true" duration-ms="53" started-at="2018-06-14T08:54:03Z" finished-at="2018-06-14T08:54:03Z">
          <reporter-output>
          </reporter-output>
        </test-method> <!-- init -->
        <test-method status="SKIP" signature="ForgotPasswordTest(java.util.Hashtable)[pri:0, instance:SystemMailTracking.testcases.SessionSuite.ForgotPasswordTestCase@5cb9f472]" name="ForgotPasswordTest" duration-ms="2" started-at="2018-06-14T08:54:03Z" data-provider="getData" finished-at="2018-06-14T08:54:03Z">
          <params>
            <param index="0">
              <value>
                <![CDATA[{NewPassword=r123456789, Runmode=Y, ConfirmPassword=r123456789, ValidateText=An email has been sent to your email account with instructions to reset your password. Please check Junk/Spam folders for this message and wait up to 10 minutes for it., Email=Automationdonotuse@mailinator.com, Browser=Chrome}]]>
              </value>
            </param>
          </params>
          <exception class="org.testng.SkipException">
            <message>
              <![CDATA[Runmode is set to NO]]>
            </message>
            <full-stacktrace>
              <![CDATA[org.testng.SkipException: Runmode is set to NO
at SystemMailTracking.testcases.SessionSuite.ForgotPasswordTestCase.ForgotPasswordTest(ForgotPasswordTestCase.java:25)
at sun.reflect.NativeMethodAccessorImpl.invoke0(Native Method)
at sun.reflect.NativeMethodAccessorImpl.invoke(NativeMethodAccessorImpl.java:62)
at sun.reflect.DelegatingMethodAccessorImpl.invoke(DelegatingMethodAccessorImpl.java:43)
at java.lang.reflect.Method.invoke(Method.java:498)
at org.testng.internal.MethodInvocationHelper.invokeMethod(MethodInvocationHelper.java:124)
at org.testng.internal.Invoker.invokeMethod(Invoker.java:580)
at org.testng.internal.Invoker.invokeTestMethod(Invoker.java:716)
at org.testng.internal.Invoker.invokeTestMethods(Invoker.java:988)
at org.testng.internal.TestMethodWorker.invokeTestMethods(TestMethodWorker.java:125)
at org.testng.internal.TestMethodWorker.run(TestMethodWorker.java:109)
at org.testng.TestRunner.privateRun(TestRunner.java:648)
at org.testng.TestRunner.run(TestRunner.java:505)
at org.testng.SuiteRunner.runTest(SuiteRunner.java:455)
at org.testng.SuiteRunner.runSequentially(SuiteRunner.java:450)
at org.testng.SuiteRunner.privateRun(SuiteRunner.java:415)
at org.testng.SuiteRunner.run(SuiteRunner.java:364)
at org.testng.SuiteRunnerWorker.runSuite(SuiteRunnerWorker.java:52)
at org.testng.SuiteRunnerWorker.run(SuiteRunnerWorker.java:84)
at org.testng.TestNG.runSuitesSequentially(TestNG.java:1208)
at org.testng.TestNG.runSuitesSequentially(TestNG.java:1204)
at org.testng.TestNG.runSuitesLocally(TestNG.java:1137)
at org.testng.TestNG.runSuites(TestNG.java:1049)
at org.testng.TestNG.run(TestNG.java:1017)
at org.testng.remote.AbstractRemoteTestNG.run(AbstractRemoteTestNG.java:114)
at org.testng.remote.RemoteTestNG.initAndRun(RemoteTestNG.java:251)
at org.testng.remote.RemoteTestNG.main(RemoteTestNG.java:77)
]]>
            </full-stacktrace>
          </exception> <!-- org.testng.SkipException -->
          <reporter-output>
          </reporter-output>
        </test-method> <!-- ForgotPasswordTest -->
        <test-method status="PASS" signature="initTest()[pri:0, instance:SystemMailTracking.testcases.SessionSuite.ForgotPasswordTestCase@5cb9f472]" name="initTest" is-config="true" duration-ms="0" started-at="2018-06-14T08:54:03Z" finished-at="2018-06-14T08:54:03Z">
          <reporter-output>
          </reporter-output>
        </test-method> <!-- initTest -->
        <test-method status="PASS" signature="quit()[pri:0, instance:SystemMailTracking.testcases.SessionSuite.ForgotPasswordTestCase@5cb9f472]" name="quit" is-config="true" duration-ms="62" started-at="2018-06-14T08:54:03Z" finished-at="2018-06-14T08:54:03Z">
          <reporter-output>
          </reporter-output>
        </test-method> <!-- quit -->
      </class> <!-- SystemMailTracking.testcases.SessionSuite.ForgotPasswordTestCase -->
    </test> <!-- ForgotPassword -->
    <test name="CreateNewAccount" duration-ms="128" started-at="2018-06-14T08:54:03Z" finished-at="2018-06-14T08:54:03Z">
      <class name="SystemMailTracking.testcases.SessionSuite.CreateNewAccountTest">
        <test-method status="PASS" signature="init()[pri:0, instance:SystemMailTracking.testcases.SessionSuite.CreateNewAccountTest@5702b3b1]" name="init" is-config="true" duration-ms="54" started-at="2018-06-14T08:54:03Z" finished-at="2018-06-14T08:54:03Z">
          <reporter-output>
          </reporter-output>
        </test-method> <!-- init -->
        <test-method status="SKIP" signature="CreateNewAccount(java.util.Hashtable)[pri:0, instance:SystemMailTracking.testcases.SessionSuite.CreateNewAccountTest@5702b3b1]" name="CreateNewAccount" duration-ms="3" started-at="2018-06-14T08:54:03Z" data-provider="getData" finished-at="2018-06-14T08:54:03Z">
          <params>
            <param index="0">
              <value>
                <![CDATA[{ConfirmPassword=123456, RepId2=TestRep2, RepId1=TestRep1, ValidateText=Your user account has been created you may now login to the RapidFunnel app.If you have not downloaded the app please do so through the Apple App Store or Google Play. You can also login online at my.prospectbylegalshield.com, Runmode=Y, Phone=9.658877498E9, Additional Notification Email=Additionnotif@mailinator.com, Email=Autonewaccount113@mailinator.com, Password=123456, groupcode=Marketing, LastName=New Account, FirstName=Automation, Browser=Chrome}]]>
              </value>
            </param>
          </params>
          <exception class="org.testng.SkipException">
            <message>
              <![CDATA[Runmode is set to NO]]>
            </message>
            <full-stacktrace>
              <![CDATA[org.testng.SkipException: Runmode is set to NO
at SystemMailTracking.testcases.SessionSuite.CreateNewAccountTest.CreateNewAccount(CreateNewAccountTest.java:25)
at sun.reflect.NativeMethodAccessorImpl.invoke0(Native Method)
at sun.reflect.NativeMethodAccessorImpl.invoke(NativeMethodAccessorImpl.java:62)
at sun.reflect.DelegatingMethodAccessorImpl.invoke(DelegatingMethodAccessorImpl.java:43)
at java.lang.reflect.Method.invoke(Method.java:498)
at org.testng.internal.MethodInvocationHelper.invokeMethod(MethodInvocationHelper.java:124)
at org.testng.internal.Invoker.invokeMethod(Invoker.java:580)
at org.testng.internal.Invoker.invokeTestMethod(Invoker.java:716)
at org.testng.internal.Invoker.invokeTestMethods(Invoker.java:988)
at org.testng.internal.TestMethodWorker.invokeTestMethods(TestMethodWorker.java:125)
at org.testng.internal.TestMethodWorker.run(TestMethodWorker.java:109)
at org.testng.TestRunner.privateRun(TestRunner.java:648)
at org.testng.TestRunner.run(TestRunner.java:505)
at org.testng.SuiteRunner.runTest(SuiteRunner.java:455)
at org.testng.SuiteRunner.runSequentially(SuiteRunner.java:450)
at org.testng.SuiteRunner.privateRun(SuiteRunner.java:415)
at org.testng.SuiteRunner.run(SuiteRunner.java:364)
at org.testng.SuiteRunnerWorker.runSuite(SuiteRunnerWorker.java:52)
at org.testng.SuiteRunnerWorker.run(SuiteRunnerWorker.java:84)
at org.testng.TestNG.runSuitesSequentially(TestNG.java:1208)
at org.testng.TestNG.runSuitesSequentially(TestNG.java:1204)
at org.testng.TestNG.runSuitesLocally(TestNG.java:1137)
at org.testng.TestNG.runSuites(TestNG.java:1049)
at org.testng.TestNG.run(TestNG.java:1017)
at org.testng.remote.AbstractRemoteTestNG.run(AbstractRemoteTestNG.java:114)
at org.testng.remote.RemoteTestNG.initAndRun(RemoteTestNG.java:251)
at org.testng.remote.RemoteTestNG.main(RemoteTestNG.java:77)
]]>
            </full-stacktrace>
          </exception> <!-- org.testng.SkipException -->
          <reporter-output>
          </reporter-output>
        </test-method> <!-- CreateNewAccount -->
        <test-method status="PASS" signature="initTest()[pri:0, instance:SystemMailTracking.testcases.SessionSuite.CreateNewAccountTest@5702b3b1]" name="initTest" is-config="true" duration-ms="0" started-at="2018-06-14T08:54:03Z" finished-at="2018-06-14T08:54:03Z">
          <reporter-output>
          </reporter-output>
        </test-method> <!-- initTest -->
        <test-method status="PASS" signature="quit()[pri:0, instance:SystemMailTracking.testcases.SessionSuite.CreateNewAccountTest@5702b3b1]" name="quit" is-config="true" duration-ms="65" started-at="2018-06-14T08:54:03Z" finished-at="2018-06-14T08:54:03Z">
          <reporter-output>
          </reporter-output>
        </test-method> <!-- quit -->
      </class> <!-- SystemMailTracking.testcases.SessionSuite.CreateNewAccountTest -->
    </test> <!-- CreateNewAccount -->
    <test name="ContinueToPayment" duration-ms="93" started-at="2018-06-14T08:54:03Z" finished-at="2018-06-14T08:54:03Z">
      <class name="SystemMailTracking.testcases.SessionSuite.ContinueToPaymentTest">
        <test-method status="PASS" signature="init()[pri:0, instance:SystemMailTracking.testcases.SessionSuite.ContinueToPaymentTest@6adede5]" name="init" is-config="true" duration-ms="39" started-at="2018-06-14T08:54:03Z" finished-at="2018-06-14T08:54:03Z">
          <reporter-output>
          </reporter-output>
        </test-method> <!-- init -->
        <test-method status="SKIP" signature="ContinueToPayment(java.util.Hashtable)[pri:0, instance:SystemMailTracking.testcases.SessionSuite.ContinueToPaymentTest@6adede5]" name="ContinueToPayment" duration-ms="1" started-at="2018-06-14T08:54:03Z" data-provider="getData" finished-at="2018-06-14T08:54:03Z">
          <params>
            <param index="0">
              <value>
                <![CDATA[{ConfirmPassword=123456, Browser=Chrome, CardNumber=4242424242424242, Password=123456, Additional Notification Email=Additionnotif@mailinator.com, RepId2=TestRep2, RepId1=TestRep1, groupcode=Marketing, UserName=Automation, Runmode=Y, SuccessPaymentMessage=Congratulations! You have been upgraded to the RapidFunnel Premium version!, Phone=9.658877498E9, LastName=New Account, AccountName=Automation New Account, FirstName=Automation, PostalCode=751076, Email=Autonewaccount114@mailinator.com, CVVCode=623}]]>
              </value>
            </param>
          </params>
          <exception class="org.testng.SkipException">
            <message>
              <![CDATA[Runmode is set to NO]]>
            </message>
            <full-stacktrace>
              <![CDATA[org.testng.SkipException: Runmode is set to NO
at SystemMailTracking.testcases.SessionSuite.ContinueToPaymentTest.ContinueToPayment(ContinueToPaymentTest.java:25)
at sun.reflect.NativeMethodAccessorImpl.invoke0(Native Method)
at sun.reflect.NativeMethodAccessorImpl.invoke(NativeMethodAccessorImpl.java:62)
at sun.reflect.DelegatingMethodAccessorImpl.invoke(DelegatingMethodAccessorImpl.java:43)
at java.lang.reflect.Method.invoke(Method.java:498)
at org.testng.internal.MethodInvocationHelper.invokeMethod(MethodInvocationHelper.java:124)
at org.testng.internal.Invoker.invokeMethod(Invoker.java:580)
at org.testng.internal.Invoker.invokeTestMethod(Invoker.java:716)
at org.testng.internal.Invoker.invokeTestMethods(Invoker.java:988)
at org.testng.internal.TestMethodWorker.invokeTestMethods(TestMethodWorker.java:125)
at org.testng.internal.TestMethodWorker.run(TestMethodWorker.java:109)
at org.testng.TestRunner.privateRun(TestRunner.java:648)
at org.testng.TestRunner.run(TestRunner.java:505)
at org.testng.SuiteRunner.runTest(SuiteRunner.java:455)
at org.testng.SuiteRunner.runSequentially(SuiteRunner.java:450)
at org.testng.SuiteRunner.privateRun(SuiteRunner.java:415)
at org.testng.SuiteRunner.run(SuiteRunner.java:364)
at org.testng.SuiteRunnerWorker.runSuite(SuiteRunnerWorker.java:52)
at org.testng.SuiteRunnerWorker.run(SuiteRunnerWorker.java:84)
at org.testng.TestNG.runSuitesSequentially(TestNG.java:1208)
at org.testng.TestNG.runSuitesSequentially(TestNG.java:1204)
at org.testng.TestNG.runSuitesLocally(TestNG.java:1137)
at org.testng.TestNG.runSuites(TestNG.java:1049)
at org.testng.TestNG.run(TestNG.java:1017)
at org.testng.remote.AbstractRemoteTestNG.run(AbstractRemoteTestNG.java:114)
at org.testng.remote.RemoteTestNG.initAndRun(RemoteTestNG.java:251)
at org.testng.remote.RemoteTestNG.main(RemoteTestNG.java:77)
]]>
            </full-stacktrace>
          </exception> <!-- org.testng.SkipException -->
          <reporter-output>
          </reporter-output>
        </test-method> <!-- ContinueToPayment -->
        <test-method status="PASS" signature="initTest()[pri:0, instance:SystemMailTracking.testcases.SessionSuite.ContinueToPaymentTest@6adede5]" name="initTest" is-config="true" duration-ms="0" started-at="2018-06-14T08:54:03Z" finished-at="2018-06-14T08:54:03Z">
          <reporter-output>
          </reporter-output>
        </test-method> <!-- initTest -->
        <test-method status="PASS" signature="quit()[pri:0, instance:SystemMailTracking.testcases.SessionSuite.ContinueToPaymentTest@6adede5]" name="quit" is-config="true" duration-ms="49" started-at="2018-06-14T08:54:03Z" finished-at="2018-06-14T08:54:03Z">
          <reporter-output>
          </reporter-output>
        </test-method> <!-- quit -->
      </class> <!-- SystemMailTracking.testcases.SessionSuite.ContinueToPaymentTest -->
    </test> <!-- ContinueToPayment -->
  </suite> <!-- SessionSuite -->
  <suite name="SystemEmails" duration-ms="50198" started-at="2018-06-14T08:54:03Z" finished-at="2018-06-14T08:54:54Z">
    <groups>
    </groups>
    <test name="Send Optin Email" duration-ms="116" started-at="2018-06-14T08:54:03Z" finished-at="2018-06-14T08:54:04Z">
      <class name="SystemMailTracking.testcases.SystemEmails.AddNewContactOptinTest">
        <test-method status="PASS" signature="init()[pri:0, instance:SystemMailTracking.testcases.SystemEmails.AddNewContactOptinTest@55d56113]" name="init" is-config="true" duration-ms="51" started-at="2018-06-14T08:54:03Z" finished-at="2018-06-14T08:54:04Z">
          <reporter-output>
          </reporter-output>
        </test-method> <!-- init -->
        <test-method status="PASS" signature="initTest()[pri:0, instance:SystemMailTracking.testcases.SystemEmails.AddNewContactOptinTest@55d56113]" name="initTest" is-config="true" duration-ms="1" started-at="2018-06-14T08:54:04Z" finished-at="2018-06-14T08:54:04Z">
          <reporter-output>
          </reporter-output>
        </test-method> <!-- initTest -->
        <test-method status="SKIP" signature="AddNewContactOptin(java.util.Hashtable)[pri:0, instance:SystemMailTracking.testcases.SystemEmails.AddNewContactOptinTest@55d56113]" name="AddNewContactOptin" duration-ms="4" started-at="2018-06-14T08:54:04Z" data-provider="getData" finished-at="2018-06-14T08:54:04Z">
          <params>
            <param index="0">
              <value>
                <![CDATA[{Note=AutoNote, Tag=Auto, ExpectedText=Data saved successfully., Runmode=N, CompanyName=RapidFunnel, Phone=9658820667, Email=autocontact111@mailinator.com, Title=Mr., LastName=Contact, City=AutoCity, FirstName=Automation, Address2=AutoAdd2, Address1=AutoAdd1, PostalCode=751016, Browser=Chrome}]]>
              </value>
            </param>
          </params>
          <exception class="org.testng.SkipException">
            <message>
              <![CDATA[Runmode is set to NO]]>
            </message>
            <full-stacktrace>
              <![CDATA[org.testng.SkipException: Runmode is set to NO
at SystemMailTracking.testcases.SystemEmails.AddNewContactOptinTest.AddNewContactOptin(AddNewContactOptinTest.java:25)
at sun.reflect.NativeMethodAccessorImpl.invoke0(Native Method)
at sun.reflect.NativeMethodAccessorImpl.invoke(NativeMethodAccessorImpl.java:62)
at sun.reflect.DelegatingMethodAccessorImpl.invoke(DelegatingMethodAccessorImpl.java:43)
at java.lang.reflect.Method.invoke(Method.java:498)
at org.testng.internal.MethodInvocationHelper.invokeMethod(MethodInvocationHelper.java:124)
at org.testng.internal.Invoker.invokeMethod(Invoker.java:580)
at org.testng.internal.Invoker.invokeTestMethod(Invoker.java:716)
at org.testng.internal.Invoker.invokeTestMethods(Invoker.java:988)
at org.testng.internal.TestMethodWorker.invokeTestMethods(TestMethodWorker.java:125)
at org.testng.internal.TestMethodWorker.run(TestMethodWorker.java:109)
at org.testng.TestRunner.privateRun(TestRunner.java:648)
at org.testng.TestRunner.run(TestRunner.java:505)
at org.testng.SuiteRunner.runTest(SuiteRunner.java:455)
at org.testng.SuiteRunner.runSequentially(SuiteRunner.java:450)
at org.testng.SuiteRunner.privateRun(SuiteRunner.java:415)
at org.testng.SuiteRunner.run(SuiteRunner.java:364)
at org.testng.SuiteRunnerWorker.runSuite(SuiteRunnerWorker.java:52)
at org.testng.SuiteRunnerWorker.run(SuiteRunnerWorker.java:84)
at org.testng.TestNG.runSuitesSequentially(TestNG.java:1208)
at org.testng.TestNG.runSuitesSequentially(TestNG.java:1204)
at org.testng.TestNG.runSuitesLocally(TestNG.java:1137)
at org.testng.TestNG.runSuites(TestNG.java:1049)
at org.testng.TestNG.run(TestNG.java:1017)
at org.testng.remote.AbstractRemoteTestNG.run(AbstractRemoteTestNG.java:114)
at org.testng.remote.RemoteTestNG.initAndRun(RemoteTestNG.java:251)
at org.testng.remote.RemoteTestNG.main(RemoteTestNG.java:77)
]]>
            </full-stacktrace>
          </exception> <!-- org.testng.SkipException -->
          <reporter-output>
          </reporter-output>
        </test-method> <!-- AddNewContactOptin -->
        <test-method status="PASS" signature="quit()[pri:0, instance:SystemMailTracking.testcases.SystemEmails.AddNewContactOptinTest@55d56113]" name="quit" is-config="true" duration-ms="53" started-at="2018-06-14T08:54:04Z" finished-at="2018-06-14T08:54:04Z">
          <reporter-output>
          </reporter-output>
        </test-method> <!-- quit -->
      </class> <!-- SystemMailTracking.testcases.SystemEmails.AddNewContactOptinTest -->
    </test> <!-- Send Optin Email -->
    <test name="Resend Optin Email" duration-ms="142" started-at="2018-06-14T08:54:04Z" finished-at="2018-06-14T08:54:04Z">
      <class name="SystemMailTracking.testcases.SystemEmails.ReoptinEmailTest">
        <test-method status="PASS" signature="init()[pri:0, instance:SystemMailTracking.testcases.SystemEmails.ReoptinEmailTest@2038ae61]" name="init" is-config="true" duration-ms="64" started-at="2018-06-14T08:54:04Z" finished-at="2018-06-14T08:54:04Z">
          <reporter-output>
          </reporter-output>
        </test-method> <!-- init -->
        <test-method status="PASS" signature="initTest()[pri:0, instance:SystemMailTracking.testcases.SystemEmails.ReoptinEmailTest@2038ae61]" name="initTest" is-config="true" duration-ms="1" started-at="2018-06-14T08:54:04Z" finished-at="2018-06-14T08:54:04Z">
          <reporter-output>
          </reporter-output>
        </test-method> <!-- initTest -->
        <test-method status="SKIP" signature="ReoptinEmail(java.util.Hashtable)[pri:0, instance:SystemMailTracking.testcases.SystemEmails.ReoptinEmailTest@2038ae61]" name="ReoptinEmail" duration-ms="2" started-at="2018-06-14T08:54:04Z" data-provider="getData" finished-at="2018-06-14T08:54:04Z">
          <params>
            <param index="0">
              <value>
                <![CDATA[{Password=r123456789, Runmode=N, UserName=Automationdonotuse@mailinator.com, Email=autocontact111@mailinator.com, Browser=Chrome}]]>
              </value>
            </param>
          </params>
          <exception class="org.testng.SkipException">
            <message>
              <![CDATA[Runmode is set to NO]]>
            </message>
            <full-stacktrace>
              <![CDATA[org.testng.SkipException: Runmode is set to NO
at SystemMailTracking.testcases.SystemEmails.ReoptinEmailTest.ReoptinEmail(ReoptinEmailTest.java:25)
at sun.reflect.NativeMethodAccessorImpl.invoke0(Native Method)
at sun.reflect.NativeMethodAccessorImpl.invoke(NativeMethodAccessorImpl.java:62)
at sun.reflect.DelegatingMethodAccessorImpl.invoke(DelegatingMethodAccessorImpl.java:43)
at java.lang.reflect.Method.invoke(Method.java:498)
at org.testng.internal.MethodInvocationHelper.invokeMethod(MethodInvocationHelper.java:124)
at org.testng.internal.Invoker.invokeMethod(Invoker.java:580)
at org.testng.internal.Invoker.invokeTestMethod(Invoker.java:716)
at org.testng.internal.Invoker.invokeTestMethods(Invoker.java:988)
at org.testng.internal.TestMethodWorker.invokeTestMethods(TestMethodWorker.java:125)
at org.testng.internal.TestMethodWorker.run(TestMethodWorker.java:109)
at org.testng.TestRunner.privateRun(TestRunner.java:648)
at org.testng.TestRunner.run(TestRunner.java:505)
at org.testng.SuiteRunner.runTest(SuiteRunner.java:455)
at org.testng.SuiteRunner.runSequentially(SuiteRunner.java:450)
at org.testng.SuiteRunner.privateRun(SuiteRunner.java:415)
at org.testng.SuiteRunner.run(SuiteRunner.java:364)
at org.testng.SuiteRunnerWorker.runSuite(SuiteRunnerWorker.java:52)
at org.testng.SuiteRunnerWorker.run(SuiteRunnerWorker.java:84)
at org.testng.TestNG.runSuitesSequentially(TestNG.java:1208)
at org.testng.TestNG.runSuitesSequentially(TestNG.java:1204)
at org.testng.TestNG.runSuitesLocally(TestNG.java:1137)
at org.testng.TestNG.runSuites(TestNG.java:1049)
at org.testng.TestNG.run(TestNG.java:1017)
at org.testng.remote.AbstractRemoteTestNG.run(AbstractRemoteTestNG.java:114)
at org.testng.remote.RemoteTestNG.initAndRun(RemoteTestNG.java:251)
at org.testng.remote.RemoteTestNG.main(RemoteTestNG.java:77)
]]>
            </full-stacktrace>
          </exception> <!-- org.testng.SkipException -->
          <reporter-output>
          </reporter-output>
        </test-method> <!-- ReoptinEmail -->
        <test-method status="PASS" signature="quit()[pri:0, instance:SystemMailTracking.testcases.SystemEmails.ReoptinEmailTest@2038ae61]" name="quit" is-config="true" duration-ms="70" started-at="2018-06-14T08:54:04Z" finished-at="2018-06-14T08:54:04Z">
          <reporter-output>
          </reporter-output>
        </test-method> <!-- quit -->
      </class> <!-- SystemMailTracking.testcases.SystemEmails.ReoptinEmailTest -->
    </test> <!-- Resend Optin Email -->
    <test name="Send Resource Email" duration-ms="108" started-at="2018-06-14T08:54:04Z" finished-at="2018-06-14T08:54:04Z">
      <class name="SystemMailTracking.testcases.SystemEmails.ResourceEmailTest">
        <test-method status="PASS" signature="init()[pri:0, instance:SystemMailTracking.testcases.SystemEmails.ResourceEmailTest@3327bd23]" name="init" is-config="true" duration-ms="36" started-at="2018-06-14T08:54:04Z" finished-at="2018-06-14T08:54:04Z">
          <reporter-output>
          </reporter-output>
        </test-method> <!-- init -->
        <test-method status="PASS" signature="initTest()[pri:0, instance:SystemMailTracking.testcases.SystemEmails.ResourceEmailTest@3327bd23]" name="initTest" is-config="true" duration-ms="0" started-at="2018-06-14T08:54:04Z" finished-at="2018-06-14T08:54:04Z">
          <reporter-output>
          </reporter-output>
        </test-method> <!-- initTest -->
        <test-method status="SKIP" signature="ResourceEmail(java.util.Hashtable)[pri:0, instance:SystemMailTracking.testcases.SystemEmails.ResourceEmailTest@3327bd23]" name="ResourceEmail" duration-ms="2" started-at="2018-06-14T08:54:04Z" data-provider="getData" finished-at="2018-06-14T08:54:04Z">
          <params>
            <param index="0">
              <value>
                <![CDATA[{Password=r123456789, Runmode=N, UserName=Automationdonotuse@mailinator.com, Email=autocontact111@mailinator.com, Browser=Chrome}]]>
              </value>
            </param>
          </params>
          <exception class="org.testng.SkipException">
            <message>
              <![CDATA[Runmode is set to NO]]>
            </message>
            <full-stacktrace>
              <![CDATA[org.testng.SkipException: Runmode is set to NO
at SystemMailTracking.testcases.SystemEmails.ResourceEmailTest.ResourceEmail(ResourceEmailTest.java:25)
at sun.reflect.NativeMethodAccessorImpl.invoke0(Native Method)
at sun.reflect.NativeMethodAccessorImpl.invoke(NativeMethodAccessorImpl.java:62)
at sun.reflect.DelegatingMethodAccessorImpl.invoke(DelegatingMethodAccessorImpl.java:43)
at java.lang.reflect.Method.invoke(Method.java:498)
at org.testng.internal.MethodInvocationHelper.invokeMethod(MethodInvocationHelper.java:124)
at org.testng.internal.Invoker.invokeMethod(Invoker.java:580)
at org.testng.internal.Invoker.invokeTestMethod(Invoker.java:716)
at org.testng.internal.Invoker.invokeTestMethods(Invoker.java:988)
at org.testng.internal.TestMethodWorker.invokeTestMethods(TestMethodWorker.java:125)
at org.testng.internal.TestMethodWorker.run(TestMethodWorker.java:109)
at org.testng.TestRunner.privateRun(TestRunner.java:648)
at org.testng.TestRunner.run(TestRunner.java:505)
at org.testng.SuiteRunner.runTest(SuiteRunner.java:455)
at org.testng.SuiteRunner.runSequentially(SuiteRunner.java:450)
at org.testng.SuiteRunner.privateRun(SuiteRunner.java:415)
at org.testng.SuiteRunner.run(SuiteRunner.java:364)
at org.testng.SuiteRunnerWorker.runSuite(SuiteRunnerWorker.java:52)
at org.testng.SuiteRunnerWorker.run(SuiteRunnerWorker.java:84)
at org.testng.TestNG.runSuitesSequentially(TestNG.java:1208)
at org.testng.TestNG.runSuitesSequentially(TestNG.java:1204)
at org.testng.TestNG.runSuitesLocally(TestNG.java:1137)
at org.testng.TestNG.runSuites(TestNG.java:1049)
at org.testng.TestNG.run(TestNG.java:1017)
at org.testng.remote.AbstractRemoteTestNG.run(AbstractRemoteTestNG.java:114)
at org.testng.remote.RemoteTestNG.initAndRun(RemoteTestNG.java:251)
at org.testng.remote.RemoteTestNG.main(RemoteTestNG.java:77)
]]>
            </full-stacktrace>
          </exception> <!-- org.testng.SkipException -->
          <reporter-output>
          </reporter-output>
        </test-method> <!-- ResourceEmail -->
        <test-method status="PASS" signature="quit()[pri:0, instance:SystemMailTracking.testcases.SystemEmails.ResourceEmailTest@3327bd23]" name="quit" is-config="true" duration-ms="64" started-at="2018-06-14T08:54:04Z" finished-at="2018-06-14T08:54:04Z">
          <reporter-output>
          </reporter-output>
        </test-method> <!-- quit -->
      </class> <!-- SystemMailTracking.testcases.SystemEmails.ResourceEmailTest -->
    </test> <!-- Send Resource Email -->
    <test name="Broadcast Email" duration-ms="49729" started-at="2018-06-14T08:54:04Z" finished-at="2018-06-14T08:54:54Z">
      <class name="SystemMailTracking.testcases.SystemEmails.BroadCastEmailTest">
        <test-method status="PASS" signature="init()[pri:0, instance:SystemMailTracking.testcases.SystemEmails.BroadCastEmailTest@2ac273d3]" name="init" is-config="true" duration-ms="51" started-at="2018-06-14T08:54:04Z" finished-at="2018-06-14T08:54:04Z">
          <reporter-output>
          </reporter-output>
        </test-method> <!-- init -->
        <test-method status="PASS" signature="initTest()[pri:0, instance:SystemMailTracking.testcases.SystemEmails.BroadCastEmailTest@2ac273d3]" name="initTest" is-config="true" duration-ms="0" started-at="2018-06-14T08:54:04Z" finished-at="2018-06-14T08:54:04Z">
          <reporter-output>
          </reporter-output>
        </test-method> <!-- initTest -->
        <test-method status="FAIL" signature="BroadCastEmail(java.util.Hashtable)[pri:0, instance:SystemMailTracking.testcases.SystemEmails.BroadCastEmailTest@2ac273d3]" name="BroadCastEmail" duration-ms="48843" started-at="2018-06-14T08:54:04Z" data-provider="getData" finished-at="2018-06-14T08:54:53Z">
          <params>
            <param index="0">
              <value>
                <![CDATA[{BroadCastEmailTextContent=Test Content Automation, BroadcastEmailAddress=broadcast@mailinator.com, SentEmailFrom=Rfsupporttest@mailinator.com, Runmode=Y, BroadCastEmailSubject=Test Automation Subject, BroadCastEmailContent=Test Automation Content, Browser=Chrome}]]>
              </value>
            </param>
          </params>
          <exception class="java.lang.reflect.InvocationTargetException">
            <full-stacktrace>
              <![CDATA[java.lang.reflect.InvocationTargetException
at sun.reflect.NativeMethodAccessorImpl.invoke0(Native Method)
at sun.reflect.NativeMethodAccessorImpl.invoke(NativeMethodAccessorImpl.java:62)
at sun.reflect.DelegatingMethodAccessorImpl.invoke(DelegatingMethodAccessorImpl.java:43)
at java.lang.reflect.Method.invoke(Method.java:498)
at SystemMailTracking.driver.DriverScript.executeKeywords(DriverScript.java:49)
at SystemMailTracking.testcases.SystemEmails.BroadCastEmailTest.BroadCastEmail(BroadCastEmailTest.java:27)
at sun.reflect.NativeMethodAccessorImpl.invoke0(Native Method)
at sun.reflect.NativeMethodAccessorImpl.invoke(NativeMethodAccessorImpl.java:62)
at sun.reflect.DelegatingMethodAccessorImpl.invoke(DelegatingMethodAccessorImpl.java:43)
at java.lang.reflect.Method.invoke(Method.java:498)
at org.testng.internal.MethodInvocationHelper.invokeMethod(MethodInvocationHelper.java:124)
at org.testng.internal.Invoker.invokeMethod(Invoker.java:580)
at org.testng.internal.Invoker.invokeTestMethod(Invoker.java:716)
at org.testng.internal.Invoker.invokeTestMethods(Invoker.java:988)
at org.testng.internal.TestMethodWorker.invokeTestMethods(TestMethodWorker.java:125)
at org.testng.internal.TestMethodWorker.run(TestMethodWorker.java:109)
at org.testng.TestRunner.privateRun(TestRunner.java:648)
at org.testng.TestRunner.run(TestRunner.java:505)
at org.testng.SuiteRunner.runTest(SuiteRunner.java:455)
at org.testng.SuiteRunner.runSequentially(SuiteRunner.java:450)
at org.testng.SuiteRunner.privateRun(SuiteRunner.java:415)
at org.testng.SuiteRunner.run(SuiteRunner.java:364)
at org.testng.SuiteRunnerWorker.runSuite(SuiteRunnerWorker.java:52)
at org.testng.SuiteRunnerWorker.run(SuiteRunnerWorker.java:84)
at org.testng.TestNG.runSuitesSequentially(TestNG.java:1208)
at org.testng.TestNG.runSuitesSequentially(TestNG.java:1204)
at org.testng.TestNG.runSuitesLocally(TestNG.java:1137)
at org.testng.TestNG.runSuites(TestNG.java:1049)
at org.testng.TestNG.run(TestNG.java:1017)
at org.testng.remote.AbstractRemoteTestNG.run(AbstractRemoteTestNG.java:114)
at org.testng.remote.RemoteTestNG.initAndRun(RemoteTestNG.java:251)
at org.testng.remote.RemoteTestNG.main(RemoteTestNG.java:77)
Caused by: java.lang.AssertionError: The following asserts failed:
Failed to recieve Broadcast email
at org.testng.asserts.SoftAssert.assertAll(SoftAssert.java:43)
at SystemMailTracking.keywords.GenericKeywords.reportFailure(GenericKeywords.java:362)
at SystemMailTracking.keywords.AppKeywords.VerifyBroadcastEmailFromInbox(AppKeywords.java:547)
... 32 more
]]>
            </full-stacktrace>
          </exception> <!-- java.lang.reflect.InvocationTargetException -->
          <reporter-output>
          </reporter-output>
        </test-method> <!-- BroadCastEmail -->
        <test-method status="PASS" signature="quit()[pri:0, instance:SystemMailTracking.testcases.SystemEmails.BroadCastEmailTest@2ac273d3]" name="quit" is-config="true" duration-ms="832" started-at="2018-06-14T08:54:53Z" finished-at="2018-06-14T08:54:54Z">
          <reporter-output>
          </reporter-output>
        </test-method> <!-- quit -->
      </class> <!-- SystemMailTracking.testcases.SystemEmails.BroadCastEmailTest -->
    </test> <!-- Broadcast Email -->
  </suite> <!-- SystemEmails -->
</testng-results>
